Build started 14.05.2016 23:31:19.
     1>Project "C:\Users\aleko\Documents\Visual Studio 2013\Projects\3DRec\3DRec\3DRec.vcxproj" on node 2 (Rebuild target(s)).
     1>ClCompile:
         C:\Program Files (x86)\Microsoft Visual Studio 12.0\VC\bin\CL.exe /c /ZI /nologo /W3 /WX- /sdl /Od /Oy- /D _MBCS /Gm /EHsc /RTC1 /MDd /GS /fp:precise /Zc:wchar_t /Zc:forScope /Fo"Debug\\" /Fd"Debug\vc120.pdb" /Gd /TP /analyze- /errorReport:prompt "..\..\..\..\..\Desktop\reconstruction-3D-with-handheld-camera-master\createModel.cpp" "..\..\..\..\..\Desktop\reconstruction-3D-with-handheld-camera-master\findCameraMatrix.cpp" "..\..\..\..\..\Desktop\reconstruction-3D-with-handheld-camera-master\LUT.cpp" "..\..\..\..\..\Desktop\reconstruction-3D-with-handheld-camera-master\Matcher.cpp" "..\..\..\..\..\Desktop\reconstruction-3D-with-handheld-camera-master\MatchingPoints.cpp" "..\..\..\..\..\Desktop\reconstruction-3D-with-handheld-camera-master\MatrixCalculations.cpp" "..\..\..\..\..\Desktop\reconstruction-3D-with-handheld-camera-master\projectPt2.cpp"
         projectPt2.cpp
     1>c:\users\aleko\desktop\reconstruction-3d-with-handheld-camera-master\projectpt2.cpp(9): fatal error C1083: Cannot open include file: 'opencv2/nonfree/features2d.hpp': No such file or directory
         MatrixCalculations.cpp
     1>c:\users\aleko\desktop\reconstruction-3d-with-handheld-camera-master\matrixcalculations.cpp(15): fatal error C1083: Cannot open include file: 'opencv2/nonfree/features2d.hpp': No such file or directory
         MatchingPoints.cpp
     1>c:\users\aleko\desktop\reconstruction-3d-with-handheld-camera-master\matchingpoints.cpp(9): fatal error C1083: Cannot open include file: 'opencv2/nonfree/features2d.hpp': No such file or directory
         Matcher.cpp
     1>c:\users\aleko\desktop\reconstruction-3d-with-handheld-camera-master\matcher.cpp(10): fatal error C1083: Cannot open include file: 'opencv2/nonfree/features2d.hpp': No such file or directory
         LUT.cpp
     1>c:\users\aleko\desktop\reconstruction-3d-with-handheld-camera-master\lut.cpp(10): fatal error C1083: Cannot open include file: 'opencv2/nonfree/features2d.hpp': No such file or directory
         findCameraMatrix.cpp
     1>c:\users\aleko\desktop\reconstruction-3d-with-handheld-camera-master\findcameramatrix.cpp(9): fatal error C1083: Cannot open include file: 'opencv2/nonfree/features2d.hpp': No such file or directory
         createModel.cpp
         Generating Code...
     1>Done Building Project "C:\Users\aleko\Documents\Visual Studio 2013\Projects\3DRec\3DRec\3DRec.vcxproj" (Rebuild target(s)) -- FAILED.

Build FAILED.

Time Elapsed 00:00:03.16
