c:\users\aleko\documents\vısual studıo 2013\projects\3drec\3drec\x64\release\vc120.pdb
c:\users\aleko\documents\vısual studıo 2013\projects\3drec\3drec\x64\release\createmodel.sbr
c:\users\aleko\documents\vısual studıo 2013\projects\3drec\3drec\x64\release\fındcameramatrıx.sbr
c:\users\aleko\documents\vısual studıo 2013\projects\3drec\3drec\x64\release\lut.sbr
c:\users\aleko\documents\vısual studıo 2013\projects\3drec\3drec\x64\release\matcher.sbr
c:\users\aleko\documents\vısual studıo 2013\projects\3drec\3drec\x64\release\matchıngpoınts.sbr
c:\users\aleko\documents\vısual studıo 2013\projects\3drec\3drec\x64\release\matrıxcalculatıons.sbr
c:\users\aleko\documents\vısual studıo 2013\projects\3drec\3drec\x64\release\projectpt2.sbr
c:\users\aleko\documents\vısual studıo 2013\projects\3drec\3drec\x64\release\projectpt2.obj
c:\users\aleko\documents\vısual studıo 2013\projects\3drec\3drec\x64\release\matrıxcalculatıons.obj
c:\users\aleko\documents\vısual studıo 2013\projects\3drec\3drec\x64\release\matchıngpoınts.obj
c:\users\aleko\documents\vısual studıo 2013\projects\3drec\3drec\x64\release\matcher.obj
c:\users\aleko\documents\vısual studıo 2013\projects\3drec\3drec\x64\release\lut.obj
c:\users\aleko\documents\vısual studıo 2013\projects\3drec\3drec\x64\release\fındcameramatrıx.obj
c:\users\aleko\documents\vısual studıo 2013\projects\3drec\3drec\x64\release\createmodel.obj
c:\users\aleko\documents\visual studio 2013\projects\3drec\3drec\x64\release\createmodel.obj
c:\users\aleko\documents\visual studio 2013\projects\3drec\3drec\x64\release\findcameramatrix.obj
c:\users\aleko\documents\visual studio 2013\projects\3drec\3drec\x64\release\lut.obj
c:\users\aleko\documents\visual studio 2013\projects\3drec\3drec\x64\release\matcher.obj
c:\users\aleko\documents\visual studio 2013\projects\3drec\3drec\x64\release\matchingpoints.obj
c:\users\aleko\documents\visual studio 2013\projects\3drec\3drec\x64\release\matrixcalculations.obj
c:\users\aleko\documents\visual studio 2013\projects\3drec\3drec\x64\release\projectpt2.obj
c:\users\aleko\documents\visual studio 2013\projects\3drec\3drec\x64\release\vc120.pdb
c:\users\aleko\documents\visual studio 2013\projects\3drec\3drec\x64\release\createmodel.sbr
c:\users\aleko\documents\visual studio 2013\projects\3drec\3drec\x64\release\findcameramatrix.sbr
c:\users\aleko\documents\visual studio 2013\projects\3drec\3drec\x64\release\lut.sbr
c:\users\aleko\documents\visual studio 2013\projects\3drec\3drec\x64\release\matcher.sbr
c:\users\aleko\documents\visual studio 2013\projects\3drec\3drec\x64\release\matchingpoints.sbr
c:\users\aleko\documents\visual studio 2013\projects\3drec\3drec\x64\release\matrixcalculations.sbr
c:\users\aleko\documents\visual studio 2013\projects\3drec\3drec\x64\release\projectpt2.sbr
c:\users\aleko\documents\visual studio 2013\projects\3drec\3drec\x64\release\3drec.tlog\cl.command.1.tlog
c:\users\aleko\documents\visual studio 2013\projects\3drec\3drec\x64\release\3drec.tlog\cl.read.1.tlog
c:\users\aleko\documents\visual studio 2013\projects\3drec\3drec\x64\release\3drec.tlog\cl.write.1.tlog
c:\users\aleko\documents\visual studio 2013\projects\3drec\3drec\x64\release\3drec.tlog\link.command.1.tlog
c:\users\aleko\documents\visual studio 2013\projects\3drec\3drec\x64\release\3drec.tlog\link.read.1.tlog
c:\users\aleko\documents\visual studio 2013\projects\3drec\3drec\x64\release\3drec.tlog\link.write.1.tlog
